Arguments: 
  C:\Program Files\nodejs\node.exe C:\Users\plush\AppData\Roaming\npm\node_modules\yarn\bin\yarn.js add youtube-search-scraper

PATH: 
  C:\Program Files\Java\jdk-17\bin;C:\Program Files (x86)\Common Files\Intel\Shared Libraries\redist\intel64\compiler;C:\Windows\system32;C:\Windows;C:\Windows\System32\Wbem;C:\Windows\System32\WindowsPowerShell\v1.0\;C:\Windows\System32\OpenSSH\;C:\Program Files\Git\cmd;C:\Program Files\Go\bin;C:\TDM-GCC-64\bin;C:\Program Files\dotnet\;C:\Program Files\Microsoft SQL Server\130\Tools\Binn\;C:\Program Files\Microsoft SQL Server\Client SDK\ODBC\170\Tools\Binn\;C:\ProgramData\chocolatey\bin;C:\Program Files\PuTTY\;C:\Program Files (x86)\Lame For Audacity;D:\Portable Apps\ffmpeg-5.1.2-essentials_build\bin;C:\Program Files (x86)\sox-14-4-2;C:\Program Files\nodejs\;C:\Program Files (x86)\FFmpeg for Audacity;C:\Users\plush\scoop\apps\python\current\Scripts;C:\Users\plush\scoop\apps\python\current;C:\Users\plush\scoop\apps\mingw\current\bin;C:\Users\plush\scoop\apps\gcc\current\bin;C:\Users\plush\scoop\shims;C:\Users\plush\AppData\Local\Streamlink\bin;C:\Users\plush\AppData\Local\Programs\Python\Python39\Scripts\;C:\Users\plush\AppData\Local\Programs\Python\Python39\;C:\Users\plush\AppData\Local\Microsoft\WindowsApps;C:\Users\plush\AppData\Local\Programs\Microsoft VS Code\bin;C:\Program Files\heroku\bin;C:\Users\plush\AppData\Local\gitkraken\bin;C:\Users\plush\go\bin;C:\Users\plush\.dotnet\tools;C:\Program Files\CMake\bin;C:\Program Files\VideoLAN\VLC;C:\Program Files\OpenSSL-Win64\bin;C:\ProgramData\plush\GitHubDesktop\bin;C:\Users\plush\AppData\Local\GitHubDesktop\bin;C:\Program Files\Flameshot\bin;C:\Program Files\Java\jdk-17\bin;C:\Program Files (x86)\sox-14-4-2;C:\Users\plush\AppData\Roaming\npm;P:\Apps\Hyper\resources\bin;C:\Program Files (x86)\FFmpeg for Audacity;C:\Users\plush\AppData\Local\Microsoft\WinGet\Packages\junegunn.fzf_Microsoft.Winget.Source_8wekyb3d8bbwe;C:\Users\plush\AppData\Local\Microsoft\WinGet\Links;C:\Users\plush\AppData\Local\Programs\Filestar;C:\Users\plush\AppData\Roaming\Filestar\aliases

Yarn version: 
  1.22.19

Node version: 
  20.7.0

Platform: 
  win32 x64

Trace: 
  Error: EPERM: operation not permitted, unlink 'P:\NodeJS\omni-music-player\node_modules\bcrypt\lib\binding\napi-v3\bcrypt_lib.node'

npm manifest: 
  {
    "name": "omni-music-player",
    "version": "0.0.1",
    "engines": {
      "node": ">=16.10.0"
    },
    "description": "A feature-rich music player for that accesses all platforms",
    "main": "main.js",
    "scripts": {
      "start": "node main.js",
      "test": "echo \"Error: no test specified\" && exit 1"
    },
    "keywords": [
      "music",
      "player",
      "streams",
      "website",
      "online",
      "soundcloud",
      "youtube",
      "deezer",
      "bandcamp"
    ],
    "author": "Bluto",
    "license": "ISC",
    "dependencies": {
      "@replit/database": "^2.0.5",
      "bandcamp-fetch": "^0.2.2-b.1",
      "bandcamp-scraper": "^1.5.0",
      "bcrypt": "^5.1.1",
      "bludb": "github:planet-bluto/bludb",
      "bluto-dl": "github:planet-bluto/bluto-dl",
      "cors": "^2.8.5",
      "discord-rich-presence": "^0.0.8",
      "dotenv": "^16.3.1",
      "express": "^4.18.2",
      "fast-stream-to-buffer": "^1.0.0",
      "fs-extra": "^11.2.0",
      "gsheetdb": "^1.0.5",
      "hyperid": "^3.1.1",
      "jsonwebtoken": "^9.0.2",
      "lowdb": "^3.0.0",
      "moment": "^2.30.1",
      "mongoose": "^7.5.3",
      "node-fetch": "^2.6.12",
      "omni-parser": "github:planet-bluto/omni-parser",
      "prompt": "^1.3.0",
      "scdl-core": "^1.1.0",
      "socket.io": "^4.7.1",
      "stream-length": "^1.0.2"
    }
  }

yarn manifest: 
  No manifest

Lockfile: 
  No lockfile
